<?xml version="1.0" encoding="UTF-8"?>
<testng-results skipped="0" failed="0" ignored="0" total="1" passed="1">
  <reporter-output>
  </reporter-output>
  <suite name="Default suite" duration-ms="62" started-at="2020-11-18T13:08:55 IST" finished-at="2020-11-18T13:08:55 IST">
    <groups>
    </groups>
    <test name="Default test" duration-ms="62" started-at="2020-11-18T13:08:55 IST" finished-at="2020-11-18T13:08:55 IST">
      <class name="FirstDemo.LoginPage">
        <test-method status="PASS" signature="loginPage()[pri:0, instance:FirstDemo.LoginPage@5a8e6209]" name="loginPage" duration-ms="11" started-at="2020-11-18T13:08:55 IST" finished-at="2020-11-18T13:08:55 IST">
          <reporter-output>
          </reporter-output>
        </test-method> <!-- loginPage -->
      </class> <!-- FirstDemo.LoginPage -->
    </test> <!-- Default test -->
  </suite> <!-- Default suite -->
</testng-results>
